<?xml version="1.0" encoding="UTF-8"?>
<!-- Generated by org.testng.reporters.JUnitReportReporter -->
<testsuite hostname="manoj-Latitude-3510" failures="0" tests="1" name="Seleniumtest.GmailPageObjects" time="9.238" errors="0" timestamp="2022-02-25T01:03:34 IST" skipped="0">
  <testcase classname="Seleniumtest.GmailPageObjects" name="webtable" time="9.238"/>
  <system-out/>
</testsuite> <!-- Seleniumtest.GmailPageObjects -->
