<?xml version="1.0" encoding="UTF-8"?>
<!-- Generated by org.testng.reporters.JUnitReportReporter -->
<testsuite hostname="manoj-Latitude-3510" failures="0" tests="1" name="Com.Map.Tests.MapDataTest" time="14.281" errors="0" timestamp="2022-03-31T17:21:53 IST" skipped="0">
  <testcase classname="Com.Map.Tests.MapDataTest" name="MapPage" time="14.281"/>
  <system-out/>
</testsuite> <!-- Com.Map.Tests.MapDataTest -->
