<?xml version="1.0" encoding="UTF-8"?>
<!-- Generated by org.testng.reporters.JUnitReportReporter -->
<testsuite hostname="manoj-Latitude-3510" failures="0" tests="1" name="Seleniumtest.CalanderHandle" time="12.268" errors="0" timestamp="2022-03-02T13:21:39 IST" skipped="0">
  <testcase classname="Seleniumtest.CalanderHandle" name="handlecal" time="12.268"/>
  <system-out/>
</testsuite> <!-- Seleniumtest.CalanderHandle -->
