<?xml version="1.0" encoding="UTF-8"?>
<!-- Generated by org.testng.reporters.JUnitReportReporter -->
<testsuite hostname="manoj-Latitude-3510" failures="0" tests="1" name="Seleniumtest.Googletest" time="17.664" errors="0" timestamp="2022-03-30T21:13:08 IST" skipped="0">
  <testcase classname="Seleniumtest.Googletest" name="handlecal" time="17.664"/>
  <system-out/>
</testsuite> <!-- Seleniumtest.Googletest -->
