<?xml version="1.0" encoding="UTF-8"?>
<!-- Generated by org.testng.reporters.JUnitReportReporter -->
<testsuite hostname="manoj-Latitude-3510" failures="0" tests="1" name="Seleniumtest.WindowHandle" time="10.153" errors="0" timestamp="2022-02-27T00:33:48 IST" skipped="0">
  <testcase classname="Seleniumtest.WindowHandle" name="Handlewindow" time="10.153"/>
  <system-out/>
</testsuite> <!-- Seleniumtest.WindowHandle -->
